2018-May-19 18:57:03.617722 INFO [daemon] Gnixcoin v1.1.1.1()
2018-May-19 18:57:03.620718 INFO [daemon] Module folder: E:\Dokument\GitHub\gnixcoin\bin\gnixcoind.exe
2018-May-19 18:57:03.624703 INFO [daemon] Initializing p2p server...
2018-May-19 18:57:03.627695 INFO [node_server] Binding on 0.0.0.0:17321
2018-May-19 18:57:03.629690 INFO [node_server] Net service binded on 0.0.0.0:17321
2018-May-19 18:57:03.630687 INFO [node_server] Attempting to add IGD port mapping.
2018-May-19 18:57:09.214176 INFO [node_server] Added IGD port mapping.
2018-May-19 18:57:09.216171 INFO [daemon] P2p server initialized OK
2018-May-19 18:57:09.217168 INFO [daemon] Initializing core...
2018-May-19 18:57:09.223152 INFO [Blockchain] Loading blockchain...
2018-May-19 18:57:09.229136 INFO [BlockCacheSerializer] - loading block index...
2018-May-19 18:57:09.230133 INFO [BlockCacheSerializer] - loading transaction map...
2018-May-19 18:57:09.232128 INFO [BlockCacheSerializer] - loading spent keys...
2018-May-19 18:57:09.233125 INFO [BlockCacheSerializer] - loading outputs...
2018-May-19 18:57:09.237115 INFO [BlockCacheSerializer] - loading multi-signature outputs...
2018-May-19 18:57:09.238112 INFO [BlockCacheSerializer] Serialization time: 8ms
2018-May-19 18:57:09.239109 INFO [Blockchain] Loading blockchain indices for BlockchainExplorer...
2018-May-19 18:57:09.243098 INFO [BlockchainIndicesSerializer] - loading paymentID index...
2018-May-19 18:57:09.244096 INFO [BlockchainIndicesSerializer] - loading timestamp index...
2018-May-19 18:57:09.246091 INFO [BlockchainIndicesSerializer] - loading generated transactions index...
2018-May-19 18:57:09.250080 INFO [Blockchain] Blockchain initialized. last block: 1442, d0.h9.m30.s32 time ago, current difficulty: 17156
2018-May-19 18:57:09.274016 INFO [daemon] Core initialized OK
2018-May-19 18:57:09.276011 INFO [daemon] Starting core rpc server on address 127.0.0.1:18321
2018-May-19 18:57:09.277008 INFO [daemon] Core rpc server started ok
2018-May-19 18:57:09.279003 INFO [daemon] Starting p2p net loop...
2018-May-19 18:57:09.280000 INFO [node_server] Starting node_server
2018-May-19 18:57:09.280997 INFO [protocol] 
2018-May-19 18:57:09.280997 INFO [protocol] **********************************************************************
2018-May-19 18:57:09.280997 INFO [protocol] You are now synchronized with the network. You may now start simplewallet.
2018-May-19 18:57:09.280997 INFO [protocol] 
2018-May-19 18:57:09.280997 INFO [protocol] Please note, that the blockchain will be saved only after you quit the daemon with "exit" command or if you use "save" command.
2018-May-19 18:57:09.280997 INFO [protocol] Otherwise, you will possibly need to synchronize the blockchain again.
2018-May-19 18:57:09.280997 INFO [protocol] 
2018-May-19 18:57:09.280997 INFO [protocol] Use "help" command to see the list of available commands.
2018-May-19 18:57:09.280997 INFO [protocol] **********************************************************************
2018-May-19 18:57:10.563665 INFO [core] 
2018-May-19 18:57:10.563665 INFO [core] **********************************************************************
2018-May-19 18:57:10.563665 INFO [core] The daemon will start synchronizing with the network. It may take up to several hours.
2018-May-19 18:57:10.563665 INFO [core] 
2018-May-19 18:57:10.563665 INFO [core] You can set the level of process detailization* through "set_log <level>" command*, where <level> is between 0 (no details) and 4 (very verbose).
2018-May-19 18:57:10.563665 INFO [core] 
2018-May-19 18:57:10.563665 INFO [core] Use "help" command to see the list of available commands.
2018-May-19 18:57:10.563665 INFO [core] 
2018-May-19 18:57:10.563665 INFO [core] Note: in case you need to interrupt the process, use "exit" command. Otherwise, the current progress won't be saved.
2018-May-19 18:57:10.563665 INFO [core] **********************************************************************
2018-May-19 19:13:00.047836 INFO [node_server] Stop signal sent
2018-May-19 19:13:00.047836 INFO [node_server] Stopping NodeServer and it's4 connections...
2018-May-19 19:13:00.051825 INFO [node_server] NodeServer loop stopped
2018-May-19 19:13:00.052830 INFO [daemon] p2p net loop stopped
2018-May-19 19:13:00.053820 INFO [daemon] Stopping core rpc server...
2018-May-19 19:13:00.055815 INFO [daemon] Deinitializing core...
2018-May-19 19:13:00.056811 INFO [miner] Mining has been stopped, 0 finished
2018-May-19 19:13:00.058806 INFO [Blockchain] Saving blockchain...
2018-May-19 19:13:00.060807 INFO [BlockCacheSerializer] - saving block index...
2018-May-19 19:13:00.061798 INFO [BlockCacheSerializer] - saving transaction map...
2018-May-19 19:13:00.063793 INFO [BlockCacheSerializer] - saving spent keys...
2018-May-19 19:13:00.065789 INFO [BlockCacheSerializer] - saving outputs...
2018-May-19 19:13:00.068780 INFO [BlockCacheSerializer] - saving multi-signature outputs...
2018-May-19 19:13:00.069777 INFO [BlockCacheSerializer] Serialization time: 8ms
2018-May-19 19:13:00.070774 INFO [Blockchain] Saving blockchain indices...
2018-May-19 19:13:00.072768 INFO [BlockchainIndicesSerializer] - saving paymentID index...
2018-May-19 19:13:00.074763 INFO [BlockchainIndicesSerializer] - saving timestamp index...
2018-May-19 19:13:00.076759 INFO [BlockchainIndicesSerializer] - saving generated transactions index...
2018-May-19 19:13:00.078753 INFO [daemon] Deinitializing p2p...
2018-May-19 19:13:00.080748 INFO [miner] Mining has been stopped, 0 finished
2018-May-19 19:13:00.084738 INFO [daemon] Node stopped.
